

Started GET "/breeds.json" for 127.0.0.1 at 2014-05-05 19:42:22 +1000

ActiveRecord::PendingMigrationError (Migrations are pending; run 'bin/rake db:migrate RAILS_ENV=development' to resolve this issue.):
  activerecord (4.0.2) lib/active_record/migration.rb:379:in `check_pending!'
  activerecord (4.0.2) lib/active_record/migration.rb:366:in `call'
  actionpack (4.0.2) lib/action_dispatch/middleware/callbacks.rb:29:in `block in call'
  activesupport (4.0.2) lib/active_support/callbacks.rb:373:in `_run__3569283088863681686__call__callbacks'
  activesupport (4.0.2) lib/active_support/callbacks.rb:80:in `run_callbacks'
  actionpack (4.0.2) lib/action_dispatch/middleware/callbacks.rb:27:in `call'
  actionpack (4.0.2) lib/action_dispatch/middleware/reloader.rb:64:in `call'
  actionpack (4.0.2) lib/action_dispatch/middleware/remote_ip.rb:76:in `call'
  actionpack (4.0.2) lib/action_dispatch/middleware/debug_exceptions.rb:17:in `call'
  actionpack (4.0.2) lib/action_dispatch/middleware/show_exceptions.rb:30:in `call'
  railties (4.0.2) lib/rails/rack/logger.rb:38:in `call_app'
  railties (4.0.2) lib/rails/rack/logger.rb:20:in `block in call'
  activesupport (4.0.2) lib/active_support/tagged_logging.rb:67:in `block in tagged'
  activesupport (4.0.2) lib/active_support/tagged_logging.rb:25:in `tagged'
  activesupport (4.0.2) lib/active_support/tagged_logging.rb:67:in `tagged'
  railties (4.0.2) lib/rails/rack/logger.rb:20:in `call'
  actionpack (4.0.2) lib/action_dispatch/middleware/request_id.rb:21:in `call'
  rack (1.5.2) lib/rack/methodoverride.rb:21:in `call'
  rack (1.5.2) lib/rack/runtime.rb:17:in `call'
  activesupport (4.0.2) lib/active_support/cache/strategy/local_cache.rb:83:in `call'
  rack (1.5.2) lib/rack/lock.rb:17:in `call'
  actionpack (4.0.2) lib/action_dispatch/middleware/static.rb:64:in `call'
  rack (1.5.2) lib/rack/sendfile.rb:112:in `call'
  railties (4.0.2) lib/rails/engine.rb:511:in `call'
  railties (4.0.2) lib/rails/application.rb:97:in `call'
  rack (1.5.2) lib/rack/lock.rb:17:in `call'
  rack (1.5.2) lib/rack/content_length.rb:14:in `call'
  rack (1.5.2) lib/rack/handler/webrick.rb:60:in `service'
  /Users/gladys/.rvm/rubies/ruby-2.1.0/lib/ruby/2.1.0/webrick/httpserver.rb:138:in `service'
  /Users/gladys/.rvm/rubies/ruby-2.1.0/lib/ruby/2.1.0/webrick/httpserver.rb:94:in `run'
  /Users/gladys/.rvm/rubies/ruby-2.1.0/lib/ruby/2.1.0/webrick/server.rb:295:in `block in start_thread'


  Rendered /Users/gladys/.rvm/gems/ruby-2.1.0/gems/actionpack-4.0.2/lib/action_dispatch/middleware/templates/rescues/_source.erb (0.6ms)
  Rendered /Users/gladys/.rvm/gems/ruby-2.1.0/gems/actionpack-4.0.2/lib/action_dispatch/middleware/templates/rescues/_trace.erb (1.1ms)
  Rendered /Users/gladys/.rvm/gems/ruby-2.1.0/gems/actionpack-4.0.2/lib/action_dispatch/middleware/templates/rescues/_request_and_response.erb (1.1ms)
  Rendered /Users/gladys/.rvm/gems/ruby-2.1.0/gems/actionpack-4.0.2/lib/action_dispatch/middleware/templates/rescues/diagnostics.erb within rescues/layout (21.7ms)
  [1m[36m (3.1ms)[0m  [1mCREATE TABLE "schema_migrations" ("version" varchar(255) NOT NULL) [0m
  [1m[35m (1.2ms)[0m  CREATE UNIQUE INDEX "unique_schema_migrations" ON "schema_migrations" ("version")
  [1m[36mActiveRecord::SchemaMigration Load (0.1ms)[0m  [1mSELECT "schema_migrations".* FROM "schema_migrations"[0m
Migrating to CreateSpecies (20140501093120)
  [1m[35m (0.1ms)[0m  begin transaction
  [1m[36m (0.7ms)[0m  [1mCREATE TABLE "species" ("id" INTEGER PRIMARY KEY AUTOINCREMENT NOT NULL, "name" varchar(255), "created_at" datetime, "updated_at" datetime) [0m
  [1m[35mSQL (0.2ms)[0m  INSERT INTO "schema_migrations" ("version") VALUES (?)  [["version", "20140501093120"]]
  [1m[36m (0.9ms)[0m  [1mcommit transaction[0m
Migrating to CreateBreeds (20140501093430)
  [1m[35m (0.1ms)[0m  begin transaction
  [1m[36m (0.3ms)[0m  [1mCREATE TABLE "breeds" ("id" INTEGER PRIMARY KEY AUTOINCREMENT NOT NULL, "name" varchar(255), "species_id" integer, "created_at" datetime, "updated_at" datetime) [0m
  [1m[35mSQL (0.2ms)[0m  INSERT INTO "schema_migrations" ("version") VALUES (?)  [["version", "20140501093430"]]
  [1m[36m (1.0ms)[0m  [1mcommit transaction[0m
Migrating to CreatePetLocations (20140501093524)
  [1m[35m (0.1ms)[0m  begin transaction
  [1m[36m (0.3ms)[0m  [1mCREATE TABLE "pet_locations" ("id" INTEGER PRIMARY KEY AUTOINCREMENT NOT NULL, "suburb" varchar(255), "latitude" float, "longitude" float, "created_at" datetime, "updated_at" datetime) [0m
  [1m[35mSQL (0.1ms)[0m  INSERT INTO "schema_migrations" ("version") VALUES (?)  [["version", "20140501093524"]]
  [1m[36m (0.9ms)[0m  [1mcommit transaction[0m
Migrating to CreateContactDetails (20140501101635)
  [1m[35m (0.1ms)[0m  begin transaction
  [1m[36m (0.4ms)[0m  [1mCREATE TABLE "contact_details" ("id" INTEGER PRIMARY KEY AUTOINCREMENT NOT NULL, "type" integer, "detail" varchar(255), "pet_id" integer, "created_at" datetime, "updated_at" datetime) [0m
  [1m[35mSQL (0.1ms)[0m  INSERT INTO "schema_migrations" ("version") VALUES (?)  [["version", "20140501101635"]]
  [1m[36m (0.8ms)[0m  [1mcommit transaction[0m
Migrating to CreateColors (20140501102020)
  [1m[35m (0.1ms)[0m  begin transaction
  [1m[36m (0.3ms)[0m  [1mCREATE TABLE "colors" ("id" INTEGER PRIMARY KEY AUTOINCREMENT NOT NULL, "name" varchar(255), "value" varchar(255), "created_at" datetime, "updated_at" datetime) [0m
  [1m[35mSQL (0.1ms)[0m  INSERT INTO "schema_migrations" ("version") VALUES (?)  [["version", "20140501102020"]]
  [1m[36m (0.8ms)[0m  [1mcommit transaction[0m
Migrating to CreatePets (20140501114834)
  [1m[35m (0.1ms)[0m  begin transaction
  [1m[36m (0.3ms)[0m  [1mCREATE TABLE "pets" ("id" INTEGER PRIMARY KEY AUTOINCREMENT NOT NULL, "image_url" varchar(255), "thumb_url" varchar(255), "species_id" integer, "breed_id" integer, "reward" integer, "notes" text, "contact_name" varchar(255), "contact_detail" varchar(255), "contact_type" integer, "lost" boolean, "created_at" datetime, "updated_at" datetime) [0m
  [1m[35mSQL (0.2ms)[0m  INSERT INTO "schema_migrations" ("version") VALUES (?)  [["version", "20140501114834"]]
  [1m[36m (0.9ms)[0m  [1mcommit transaction[0m
Migrating to AddNameToPets (20140501121816)
  [1m[35m (0.1ms)[0m  begin transaction
  [1m[36m (1.2ms)[0m  [1mALTER TABLE "pets" ADD "name" varchar(255)[0m
  [1m[35mSQL (0.1ms)[0m  INSERT INTO "schema_migrations" ("version") VALUES (?)  [["version", "20140501121816"]]
  [1m[36m (0.8ms)[0m  [1mcommit transaction[0m
Migrating to CreatePetImages (20140503031418)
  [1m[35m (0.1ms)[0m  begin transaction
  [1m[36m (0.3ms)[0m  [1mCREATE TABLE "pet_images" ("id" INTEGER PRIMARY KEY AUTOINCREMENT NOT NULL, "image_file_name" varchar(255), "image_content_type" varchar(255), "image_file_size" integer, "image_updated_at" datetime, "created_at" datetime, "updated_at" datetime) [0m
  [1m[35mSQL (0.1ms)[0m  INSERT INTO "schema_migrations" ("version") VALUES (?)  [["version", "20140503031418"]]
  [1m[36m (0.8ms)[0m  [1mcommit transaction[0m
Migrating to AddPetIdToPetImage (20140503032037)
  [1m[35m (0.1ms)[0m  begin transaction
  [1m[36m (0.5ms)[0m  [1mALTER TABLE "pet_images" ADD "petId" integer[0m
  [1m[35mSQL (0.2ms)[0m  INSERT INTO "schema_migrations" ("version") VALUES (?)  [["version", "20140503032037"]]
  [1m[36m (0.9ms)[0m  [1mcommit transaction[0m
  [1m[35mActiveRecord::SchemaMigration Load (0.1ms)[0m  SELECT "schema_migrations".* FROM "schema_migrations"


Started GET "/breeds.json" for 127.0.0.1 at 2014-05-05 19:43:03 +1000
  [1m[36mActiveRecord::SchemaMigration Load (0.2ms)[0m  [1mSELECT "schema_migrations".* FROM "schema_migrations"[0m

ActionController::RoutingError (uninitialized constant BreedsController):
  activesupport (4.0.2) lib/active_support/inflector/methods.rb:226:in `const_get'
  activesupport (4.0.2) lib/active_support/inflector/methods.rb:226:in `block in constantize'
  activesupport (4.0.2) lib/active_support/inflector/methods.rb:224:in `each'
  activesupport (4.0.2) lib/active_support/inflector/methods.rb:224:in `inject'
  activesupport (4.0.2) lib/active_support/inflector/methods.rb:224:in `constantize'
  actionpack (4.0.2) lib/action_dispatch/routing/route_set.rb:76:in `controller_reference'
  actionpack (4.0.2) lib/action_dispatch/routing/route_set.rb:66:in `controller'
  actionpack (4.0.2) lib/action_dispatch/routing/route_set.rb:44:in `call'
  actionpack (4.0.2) lib/action_dispatch/journey/router.rb:71:in `block in call'
  actionpack (4.0.2) lib/action_dispatch/journey/router.rb:59:in `each'
  actionpack (4.0.2) lib/action_dispatch/journey/router.rb:59:in `call'
  actionpack (4.0.2) lib/action_dispatch/routing/route_set.rb:680:in `call'
  rack (1.5.2) lib/rack/etag.rb:23:in `call'
  rack (1.5.2) lib/rack/conditionalget.rb:25:in `call'
  rack (1.5.2) lib/rack/head.rb:11:in `call'
  actionpack (4.0.2) lib/action_dispatch/middleware/params_parser.rb:27:in `call'
  actionpack (4.0.2) lib/action_dispatch/middleware/flash.rb:241:in `call'
  rack (1.5.2) lib/rack/session/abstract/id.rb:225:in `context'
  rack (1.5.2) lib/rack/session/abstract/id.rb:220:in `call'
  actionpack (4.0.2) lib/action_dispatch/middleware/cookies.rb:486:in `call'
  activerecord (4.0.2) lib/active_record/query_cache.rb:36:in `call'
  activerecord (4.0.2) lib/active_record/connection_adapters/abstract/connection_pool.rb:626:in `call'
  activerecord (4.0.2) lib/active_record/migration.rb:369:in `call'
  actionpack (4.0.2) lib/action_dispatch/middleware/callbacks.rb:29:in `block in call'
  activesupport (4.0.2) lib/active_support/callbacks.rb:373:in `_run__1767282169926220274__call__callbacks'
  activesupport (4.0.2) lib/active_support/callbacks.rb:80:in `run_callbacks'
  actionpack (4.0.2) lib/action_dispatch/middleware/callbacks.rb:27:in `call'
  actionpack (4.0.2) lib/action_dispatch/middleware/reloader.rb:64:in `call'
  actionpack (4.0.2) lib/action_dispatch/middleware/remote_ip.rb:76:in `call'
  actionpack (4.0.2) lib/action_dispatch/middleware/debug_exceptions.rb:17:in `call'
  actionpack (4.0.2) lib/action_dispatch/middleware/show_exceptions.rb:30:in `call'
  railties (4.0.2) lib/rails/rack/logger.rb:38:in `call_app'
  railties (4.0.2) lib/rails/rack/logger.rb:20:in `block in call'
  activesupport (4.0.2) lib/active_support/tagged_logging.rb:67:in `block in tagged'
  activesupport (4.0.2) lib/active_support/tagged_logging.rb:25:in `tagged'
  activesupport (4.0.2) lib/active_support/tagged_logging.rb:67:in `tagged'
  railties (4.0.2) lib/rails/rack/logger.rb:20:in `call'
  actionpack (4.0.2) lib/action_dispatch/middleware/request_id.rb:21:in `call'
  rack (1.5.2) lib/rack/methodoverride.rb:21:in `call'
  rack (1.5.2) lib/rack/runtime.rb:17:in `call'
  activesupport (4.0.2) lib/active_support/cache/strategy/local_cache.rb:83:in `call'
  rack (1.5.2) lib/rack/lock.rb:17:in `call'
  actionpack (4.0.2) lib/action_dispatch/middleware/static.rb:64:in `call'
  rack (1.5.2) lib/rack/sendfile.rb:112:in `call'
  railties (4.0.2) lib/rails/engine.rb:511:in `call'
  railties (4.0.2) lib/rails/application.rb:97:in `call'
  rack (1.5.2) lib/rack/lock.rb:17:in `call'
  rack (1.5.2) lib/rack/content_length.rb:14:in `call'
  rack (1.5.2) lib/rack/handler/webrick.rb:60:in `service'
  /Users/gladys/.rvm/rubies/ruby-2.1.0/lib/ruby/2.1.0/webrick/httpserver.rb:138:in `service'
  /Users/gladys/.rvm/rubies/ruby-2.1.0/lib/ruby/2.1.0/webrick/httpserver.rb:94:in `run'
  /Users/gladys/.rvm/rubies/ruby-2.1.0/lib/ruby/2.1.0/webrick/server.rb:295:in `block in start_thread'


  Rendered /Users/gladys/.rvm/gems/ruby-2.1.0/gems/actionpack-4.0.2/lib/action_dispatch/middleware/templates/rescues/_trace.erb (1.2ms)
  Rendered /Users/gladys/.rvm/gems/ruby-2.1.0/gems/actionpack-4.0.2/lib/action_dispatch/middleware/templates/routes/_route.html.erb (5.1ms)
  Rendered /Users/gladys/.rvm/gems/ruby-2.1.0/gems/actionpack-4.0.2/lib/action_dispatch/middleware/templates/routes/_table.html.erb (6.9ms)
  Rendered /Users/gladys/.rvm/gems/ruby-2.1.0/gems/actionpack-4.0.2/lib/action_dispatch/middleware/templates/rescues/routing_error.erb within rescues/layout (61.8ms)


Started GET "/breed.json" for 127.0.0.1 at 2014-05-05 19:43:18 +1000

ActionController::RoutingError (No route matches [GET] "/breed.json"):
  actionpack (4.0.2) lib/action_dispatch/middleware/debug_exceptions.rb:21:in `call'
  actionpack (4.0.2) lib/action_dispatch/middleware/show_exceptions.rb:30:in `call'
  railties (4.0.2) lib/rails/rack/logger.rb:38:in `call_app'
  railties (4.0.2) lib/rails/rack/logger.rb:20:in `block in call'
  activesupport (4.0.2) lib/active_support/tagged_logging.rb:67:in `block in tagged'
  activesupport (4.0.2) lib/active_support/tagged_logging.rb:25:in `tagged'
  activesupport (4.0.2) lib/active_support/tagged_logging.rb:67:in `tagged'
  railties (4.0.2) lib/rails/rack/logger.rb:20:in `call'
  actionpack (4.0.2) lib/action_dispatch/middleware/request_id.rb:21:in `call'
  rack (1.5.2) lib/rack/methodoverride.rb:21:in `call'
  rack (1.5.2) lib/rack/runtime.rb:17:in `call'
  activesupport (4.0.2) lib/active_support/cache/strategy/local_cache.rb:83:in `call'
  rack (1.5.2) lib/rack/lock.rb:17:in `call'
  actionpack (4.0.2) lib/action_dispatch/middleware/static.rb:64:in `call'
  rack (1.5.2) lib/rack/sendfile.rb:112:in `call'
  railties (4.0.2) lib/rails/engine.rb:511:in `call'
  railties (4.0.2) lib/rails/application.rb:97:in `call'
  rack (1.5.2) lib/rack/lock.rb:17:in `call'
  rack (1.5.2) lib/rack/content_length.rb:14:in `call'
  rack (1.5.2) lib/rack/handler/webrick.rb:60:in `service'
  /Users/gladys/.rvm/rubies/ruby-2.1.0/lib/ruby/2.1.0/webrick/httpserver.rb:138:in `service'
  /Users/gladys/.rvm/rubies/ruby-2.1.0/lib/ruby/2.1.0/webrick/httpserver.rb:94:in `run'
  /Users/gladys/.rvm/rubies/ruby-2.1.0/lib/ruby/2.1.0/webrick/server.rb:295:in `block in start_thread'


  Rendered /Users/gladys/.rvm/gems/ruby-2.1.0/gems/actionpack-4.0.2/lib/action_dispatch/middleware/templates/rescues/_trace.erb (1.6ms)
  Rendered /Users/gladys/.rvm/gems/ruby-2.1.0/gems/actionpack-4.0.2/lib/action_dispatch/middleware/templates/routes/_route.html.erb (5.2ms)
  Rendered /Users/gladys/.rvm/gems/ruby-2.1.0/gems/actionpack-4.0.2/lib/action_dispatch/middleware/templates/routes/_table.html.erb (1.5ms)
  Rendered /Users/gladys/.rvm/gems/ruby-2.1.0/gems/actionpack-4.0.2/lib/action_dispatch/middleware/templates/rescues/routing_error.erb within rescues/layout (39.3ms)


Started GET "/breed.json" for 127.0.0.1 at 2014-05-05 19:43:58 +1000

ActionController::RoutingError (No route matches [GET] "/breed.json"):
  actionpack (4.0.2) lib/action_dispatch/middleware/debug_exceptions.rb:21:in `call'
  actionpack (4.0.2) lib/action_dispatch/middleware/show_exceptions.rb:30:in `call'
  railties (4.0.2) lib/rails/rack/logger.rb:38:in `call_app'
  railties (4.0.2) lib/rails/rack/logger.rb:20:in `block in call'
  activesupport (4.0.2) lib/active_support/tagged_logging.rb:67:in `block in tagged'
  activesupport (4.0.2) lib/active_support/tagged_logging.rb:25:in `tagged'
  activesupport (4.0.2) lib/active_support/tagged_logging.rb:67:in `tagged'
  railties (4.0.2) lib/rails/rack/logger.rb:20:in `call'
  actionpack (4.0.2) lib/action_dispatch/middleware/request_id.rb:21:in `call'
  rack (1.5.2) lib/rack/methodoverride.rb:21:in `call'
  rack (1.5.2) lib/rack/runtime.rb:17:in `call'
  activesupport (4.0.2) lib/active_support/cache/strategy/local_cache.rb:83:in `call'
  rack (1.5.2) lib/rack/lock.rb:17:in `call'
  actionpack (4.0.2) lib/action_dispatch/middleware/static.rb:64:in `call'
  rack (1.5.2) lib/rack/sendfile.rb:112:in `call'
  railties (4.0.2) lib/rails/engine.rb:511:in `call'
  railties (4.0.2) lib/rails/application.rb:97:in `call'
  rack (1.5.2) lib/rack/lock.rb:17:in `call'
  rack (1.5.2) lib/rack/content_length.rb:14:in `call'
  rack (1.5.2) lib/rack/handler/webrick.rb:60:in `service'
  /Users/gladys/.rvm/rubies/ruby-2.1.0/lib/ruby/2.1.0/webrick/httpserver.rb:138:in `service'
  /Users/gladys/.rvm/rubies/ruby-2.1.0/lib/ruby/2.1.0/webrick/httpserver.rb:94:in `run'
  /Users/gladys/.rvm/rubies/ruby-2.1.0/lib/ruby/2.1.0/webrick/server.rb:295:in `block in start_thread'


  Rendered /Users/gladys/.rvm/gems/ruby-2.1.0/gems/actionpack-4.0.2/lib/action_dispatch/middleware/templates/rescues/_trace.erb (1.1ms)
  Rendered /Users/gladys/.rvm/gems/ruby-2.1.0/gems/actionpack-4.0.2/lib/action_dispatch/middleware/templates/routes/_route.html.erb (5.3ms)
  Rendered /Users/gladys/.rvm/gems/ruby-2.1.0/gems/actionpack-4.0.2/lib/action_dispatch/middleware/templates/routes/_table.html.erb (1.1ms)
  Rendered /Users/gladys/.rvm/gems/ruby-2.1.0/gems/actionpack-4.0.2/lib/action_dispatch/middleware/templates/rescues/routing_error.erb within rescues/layout (42.1ms)


Started GET "/breeds.json" for 127.0.0.1 at 2014-05-05 19:44:04 +1000
Processing by BreedsController#index as JSON
Completed 500 Internal Server Error in 21ms

ActionView::MissingTemplate (Missing template breeds/index, application/index with {:locale=>[:en], :formats=>[:json], :handlers=>[:erb, :builder, :raw, :ruby, :jbuilder, :coffee]}. Searched in:
  * "/Users/gladys/Work/PoundBackend/PoundBackend/app/views"
):
  actionpack (4.0.2) lib/action_view/path_set.rb:46:in `find'
  actionpack (4.0.2) lib/action_view/lookup_context.rb:122:in `find'
  actionpack (4.0.2) lib/action_view/renderer/abstract_renderer.rb:18:in `find_template'
  actionpack (4.0.2) lib/action_view/renderer/template_renderer.rb:35:in `determine_template'
  actionpack (4.0.2) lib/action_view/renderer/template_renderer.rb:8:in `render'
  actionpack (4.0.2) lib/action_view/renderer/renderer.rb:42:in `render_template'
  actionpack (4.0.2) lib/action_view/renderer/renderer.rb:23:in `render'
  actionpack (4.0.2) lib/abstract_controller/rendering.rb:127:in `_render_template'
  actionpack (4.0.2) lib/action_controller/metal/streaming.rb:219:in `_render_template'
  actionpack (4.0.2) lib/abstract_controller/rendering.rb:120:in `render_to_body'
  actionpack (4.0.2) lib/action_controller/metal/rendering.rb:33:in `render_to_body'
  actionpack (4.0.2) lib/action_controller/metal/renderers.rb:26:in `render_to_body'
  actionpack (4.0.2) lib/abstract_controller/rendering.rb:97:in `render'
  actionpack (4.0.2) lib/action_controller/metal/rendering.rb:16:in `render'
  actionpack (4.0.2) lib/action_controller/metal/instrumentation.rb:41:in `block (2 levels) in render'
  activesupport (4.0.2) lib/active_support/core_ext/benchmark.rb:12:in `block in ms'
  /Users/gladys/.rvm/rubies/ruby-2.1.0/lib/ruby/2.1.0/benchmark.rb:294:in `realtime'
  activesupport (4.0.2) lib/active_support/core_ext/benchmark.rb:12:in `ms'
  actionpack (4.0.2) lib/action_controller/metal/instrumentation.rb:41:in `block in render'
  actionpack (4.0.2) lib/action_controller/metal/instrumentation.rb:84:in `cleanup_view_runtime'
  activerecord (4.0.2) lib/active_record/railties/controller_runtime.rb:25:in `cleanup_view_runtime'
  actionpack (4.0.2) lib/action_controller/metal/instrumentation.rb:40:in `render'
  actionpack (4.0.2) lib/action_controller/metal/implicit_render.rb:10:in `default_render'
  actionpack (4.0.2) lib/action_controller/metal/implicit_render.rb:5:in `send_action'
  actionpack (4.0.2) lib/abstract_controller/base.rb:189:in `process_action'
  actionpack (4.0.2) lib/action_controller/metal/rendering.rb:10:in `process_action'
  actionpack (4.0.2) lib/abstract_controller/callbacks.rb:18:in `block in process_action'
  activesupport (4.0.2) lib/active_support/callbacks.rb:403:in `_run__2484615018082979348__process_action__callbacks'
  activesupport (4.0.2) lib/active_support/callbacks.rb:80:in `run_callbacks'
  actionpack (4.0.2) lib/abstract_controller/callbacks.rb:17:in `process_action'
  actionpack (4.0.2) lib/action_controller/metal/rescue.rb:29:in `process_action'
  actionpack (4.0.2) lib/action_controller/metal/instrumentation.rb:31:in `block in process_action'
  activesupport (4.0.2) lib/active_support/notifications.rb:159:in `block in instrument'
  activesupport (4.0.2) lib/active_support/notifications/instrumenter.rb:20:in `instrument'
  activesupport (4.0.2) lib/active_support/notifications.rb:159:in `instrument'
  actionpack (4.0.2) lib/action_controller/metal/instrumentation.rb:30:in `process_action'
  actionpack (4.0.2) lib/action_controller/metal/params_wrapper.rb:245:in `process_action'
  activerecord (4.0.2) lib/active_record/railties/controller_runtime.rb:18:in `process_action'
  actionpack (4.0.2) lib/abstract_controller/base.rb:136:in `process'
  actionpack (4.0.2) lib/abstract_controller/rendering.rb:44:in `process'
  actionpack (4.0.2) lib/action_controller/metal.rb:195:in `dispatch'
  actionpack (4.0.2) lib/action_controller/metal/rack_delegation.rb:13:in `dispatch'
  actionpack (4.0.2) lib/action_controller/metal.rb:231:in `block in action'
  actionpack (4.0.2) lib/action_dispatch/routing/route_set.rb:80:in `call'
  actionpack (4.0.2) lib/action_dispatch/routing/route_set.rb:80:in `dispatch'
  actionpack (4.0.2) lib/action_dispatch/routing/route_set.rb:48:in `call'
  actionpack (4.0.2) lib/action_dispatch/journey/router.rb:71:in `block in call'
  actionpack (4.0.2) lib/action_dispatch/journey/router.rb:59:in `each'
  actionpack (4.0.2) lib/action_dispatch/journey/router.rb:59:in `call'
  actionpack (4.0.2) lib/action_dispatch/routing/route_set.rb:680:in `call'
  rack (1.5.2) lib/rack/etag.rb:23:in `call'
  rack (1.5.2) lib/rack/conditionalget.rb:25:in `call'
  rack (1.5.2) lib/rack/head.rb:11:in `call'
  actionpack (4.0.2) lib/action_dispatch/middleware/params_parser.rb:27:in `call'
  actionpack (4.0.2) lib/action_dispatch/middleware/flash.rb:241:in `call'
  rack (1.5.2) lib/rack/session/abstract/id.rb:225:in `context'
  rack (1.5.2) lib/rack/session/abstract/id.rb:220:in `call'
  actionpack (4.0.2) lib/action_dispatch/middleware/cookies.rb:486:in `call'
  activerecord (4.0.2) lib/active_record/query_cache.rb:36:in `call'
  activerecord (4.0.2) lib/active_record/connection_adapters/abstract/connection_pool.rb:626:in `call'
  activerecord (4.0.2) lib/active_record/migration.rb:369:in `call'
  actionpack (4.0.2) lib/action_dispatch/middleware/callbacks.rb:29:in `block in call'
  activesupport (4.0.2) lib/active_support/callbacks.rb:373:in `_run__1767282169926220274__call__callbacks'
  activesupport (4.0.2) lib/active_support/callbacks.rb:80:in `run_callbacks'
  actionpack (4.0.2) lib/action_dispatch/middleware/callbacks.rb:27:in `call'
  actionpack (4.0.2) lib/action_dispatch/middleware/reloader.rb:64:in `call'
  actionpack (4.0.2) lib/action_dispatch/middleware/remote_ip.rb:76:in `call'
  actionpack (4.0.2) lib/action_dispatch/middleware/debug_exceptions.rb:17:in `call'
  actionpack (4.0.2) lib/action_dispatch/middleware/show_exceptions.rb:30:in `call'
  railties (4.0.2) lib/rails/rack/logger.rb:38:in `call_app'
  railties (4.0.2) lib/rails/rack/logger.rb:20:in `block in call'
  activesupport (4.0.2) lib/active_support/tagged_logging.rb:67:in `block in tagged'
  activesupport (4.0.2) lib/active_support/tagged_logging.rb:25:in `tagged'
  activesupport (4.0.2) lib/active_support/tagged_logging.rb:67:in `tagged'
  railties (4.0.2) lib/rails/rack/logger.rb:20:in `call'
  actionpack (4.0.2) lib/action_dispatch/middleware/request_id.rb:21:in `call'
  rack (1.5.2) lib/rack/methodoverride.rb:21:in `call'
  rack (1.5.2) lib/rack/runtime.rb:17:in `call'
  activesupport (4.0.2) lib/active_support/cache/strategy/local_cache.rb:83:in `call'
  rack (1.5.2) lib/rack/lock.rb:17:in `call'
  actionpack (4.0.2) lib/action_dispatch/middleware/static.rb:64:in `call'
  rack (1.5.2) lib/rack/sendfile.rb:112:in `call'
  railties (4.0.2) lib/rails/engine.rb:511:in `call'
  railties (4.0.2) lib/rails/application.rb:97:in `call'
  rack (1.5.2) lib/rack/lock.rb:17:in `call'
  rack (1.5.2) lib/rack/content_length.rb:14:in `call'
  rack (1.5.2) lib/rack/handler/webrick.rb:60:in `service'
  /Users/gladys/.rvm/rubies/ruby-2.1.0/lib/ruby/2.1.0/webrick/httpserver.rb:138:in `service'
  /Users/gladys/.rvm/rubies/ruby-2.1.0/lib/ruby/2.1.0/webrick/httpserver.rb:94:in `run'
  /Users/gladys/.rvm/rubies/ruby-2.1.0/lib/ruby/2.1.0/webrick/server.rb:295:in `block in start_thread'


  Rendered /Users/gladys/.rvm/gems/ruby-2.1.0/gems/actionpack-4.0.2/lib/action_dispatch/middleware/templates/rescues/missing_template.erb within rescues/layout (0.5ms)


Started GET "/breeds.json" for 127.0.0.1 at 2014-05-05 19:44:31 +1000
Processing by BreedsController#index as JSON
  [1m[35mBreed Load (0.4ms)[0m  SELECT "breeds".* FROM "breeds"
Completed 200 OK in 5ms (Views: 0.1ms | ActiveRecord: 0.4ms)


Started GET "/breeds.json" for 127.0.0.1 at 2014-05-05 19:44:50 +1000
Processing by BreedsController#index as JSON
  [1m[36mBreed Load (0.3ms)[0m  [1mSELECT "breeds".* FROM "breeds"[0m
Completed 200 OK in 2ms (Views: 0.5ms | ActiveRecord: 0.3ms)
  [1m[36m (0.2ms)[0m  [1mbegin transaction[0m
  [1m[35mSQL (6.4ms)[0m  INSERT INTO "species" ("created_at", "name", "updated_at") VALUES (?, ?, ?)  [["created_at", Mon, 05 May 2014 09:47:37 UTC +00:00], ["name", "WIll"], ["updated_at", Mon, 05 May 2014 09:47:37 UTC +00:00]]
  [1m[36m (0.8ms)[0m  [1mcommit transaction[0m
  [1m[35m (0.2ms)[0m  begin transaction
  [1m[36mSQL (0.7ms)[0m  [1mINSERT INTO "breeds" ("created_at", "name", "species_id", "updated_at") VALUES (?, ?, ?, ?)[0m  [["created_at", Mon, 05 May 2014 09:49:16 UTC +00:00], ["name", "Will's breed"], ["species_id", 1], ["updated_at", Mon, 05 May 2014 09:49:16 UTC +00:00]]
  [1m[35m (2.7ms)[0m  commit transaction


Started GET "/breeds.json" for 127.0.0.1 at 2014-05-05 19:49:21 +1000
Processing by BreedsController#index as JSON
  [1m[35mBreed Load (0.4ms)[0m  SELECT "breeds".* FROM "breeds"
Completed 200 OK in 12ms (Views: 7.8ms | ActiveRecord: 0.6ms)


Started GET "/species.json" for 127.0.0.1 at 2014-05-05 19:49:29 +1000

SyntaxError (/Users/gladys/Work/PoundBackend/PoundBackend/app/controllers/species_controller.rb:7: syntax error, unexpected end-of-input, expecting keyword_end):
  activesupport (4.0.2) lib/active_support/dependencies.rb:424:in `load'
  activesupport (4.0.2) lib/active_support/dependencies.rb:424:in `block in load_file'
  activesupport (4.0.2) lib/active_support/dependencies.rb:616:in `new_constants_in'
  activesupport (4.0.2) lib/active_support/dependencies.rb:423:in `load_file'
  activesupport (4.0.2) lib/active_support/dependencies.rb:324:in `require_or_load'
  activesupport (4.0.2) lib/active_support/dependencies.rb:463:in `load_missing_constant'
  activesupport (4.0.2) lib/active_support/dependencies.rb:184:in `const_missing'
  activesupport (4.0.2) lib/active_support/inflector/methods.rb:226:in `const_get'
  activesupport (4.0.2) lib/active_support/inflector/methods.rb:226:in `block in constantize'
  activesupport (4.0.2) lib/active_support/inflector/methods.rb:224:in `each'
  activesupport (4.0.2) lib/active_support/inflector/methods.rb:224:in `inject'
  activesupport (4.0.2) lib/active_support/inflector/methods.rb:224:in `constantize'
  activesupport (4.0.2) lib/active_support/dependencies.rb:535:in `get'
  activesupport (4.0.2) lib/active_support/dependencies.rb:566:in `constantize'
  actionpack (4.0.2) lib/action_dispatch/routing/route_set.rb:76:in `controller_reference'
  actionpack (4.0.2) lib/action_dispatch/routing/route_set.rb:66:in `controller'
  actionpack (4.0.2) lib/action_dispatch/routing/route_set.rb:44:in `call'
  actionpack (4.0.2) lib/action_dispatch/journey/router.rb:71:in `block in call'
  actionpack (4.0.2) lib/action_dispatch/journey/router.rb:59:in `each'
  actionpack (4.0.2) lib/action_dispatch/journey/router.rb:59:in `call'
  actionpack (4.0.2) lib/action_dispatch/routing/route_set.rb:680:in `call'
  rack (1.5.2) lib/rack/etag.rb:23:in `call'
  rack (1.5.2) lib/rack/conditionalget.rb:25:in `call'
  rack (1.5.2) lib/rack/head.rb:11:in `call'
  actionpack (4.0.2) lib/action_dispatch/middleware/params_parser.rb:27:in `call'
  actionpack (4.0.2) lib/action_dispatch/middleware/flash.rb:241:in `call'
  rack (1.5.2) lib/rack/session/abstract/id.rb:225:in `context'
  rack (1.5.2) lib/rack/session/abstract/id.rb:220:in `call'
  actionpack (4.0.2) lib/action_dispatch/middleware/cookies.rb:486:in `call'
  activerecord (4.0.2) lib/active_record/query_cache.rb:36:in `call'
  activerecord (4.0.2) lib/active_record/connection_adapters/abstract/connection_pool.rb:626:in `call'
  activerecord (4.0.2) lib/active_record/migration.rb:369:in `call'
  actionpack (4.0.2) lib/action_dispatch/middleware/callbacks.rb:29:in `block in call'
  activesupport (4.0.2) lib/active_support/callbacks.rb:373:in `_run__1767282169926220274__call__callbacks'
  activesupport (4.0.2) lib/active_support/callbacks.rb:80:in `run_callbacks'
  actionpack (4.0.2) lib/action_dispatch/middleware/callbacks.rb:27:in `call'
  actionpack (4.0.2) lib/action_dispatch/middleware/reloader.rb:64:in `call'
  actionpack (4.0.2) lib/action_dispatch/middleware/remote_ip.rb:76:in `call'
  actionpack (4.0.2) lib/action_dispatch/middleware/debug_exceptions.rb:17:in `call'
  actionpack (4.0.2) lib/action_dispatch/middleware/show_exceptions.rb:30:in `call'
  railties (4.0.2) lib/rails/rack/logger.rb:38:in `call_app'
  railties (4.0.2) lib/rails/rack/logger.rb:20:in `block in call'
  activesupport (4.0.2) lib/active_support/tagged_logging.rb:67:in `block in tagged'
  activesupport (4.0.2) lib/active_support/tagged_logging.rb:25:in `tagged'
  activesupport (4.0.2) lib/active_support/tagged_logging.rb:67:in `tagged'
  railties (4.0.2) lib/rails/rack/logger.rb:20:in `call'
  actionpack (4.0.2) lib/action_dispatch/middleware/request_id.rb:21:in `call'
  rack (1.5.2) lib/rack/methodoverride.rb:21:in `call'
  rack (1.5.2) lib/rack/runtime.rb:17:in `call'
  activesupport (4.0.2) lib/active_support/cache/strategy/local_cache.rb:83:in `call'
  rack (1.5.2) lib/rack/lock.rb:17:in `call'
  actionpack (4.0.2) lib/action_dispatch/middleware/static.rb:64:in `call'
  rack (1.5.2) lib/rack/sendfile.rb:112:in `call'
  railties (4.0.2) lib/rails/engine.rb:511:in `call'
  railties (4.0.2) lib/rails/application.rb:97:in `call'
  rack (1.5.2) lib/rack/lock.rb:17:in `call'
  rack (1.5.2) lib/rack/content_length.rb:14:in `call'
  rack (1.5.2) lib/rack/handler/webrick.rb:60:in `service'
  /Users/gladys/.rvm/rubies/ruby-2.1.0/lib/ruby/2.1.0/webrick/httpserver.rb:138:in `service'
  /Users/gladys/.rvm/rubies/ruby-2.1.0/lib/ruby/2.1.0/webrick/httpserver.rb:94:in `run'
  /Users/gladys/.rvm/rubies/ruby-2.1.0/lib/ruby/2.1.0/webrick/server.rb:295:in `block in start_thread'


  Rendered /Users/gladys/.rvm/gems/ruby-2.1.0/gems/actionpack-4.0.2/lib/action_dispatch/middleware/templates/rescues/_source.erb (0.6ms)
  Rendered /Users/gladys/.rvm/gems/ruby-2.1.0/gems/actionpack-4.0.2/lib/action_dispatch/middleware/templates/rescues/_trace.erb (1.5ms)
  Rendered /Users/gladys/.rvm/gems/ruby-2.1.0/gems/actionpack-4.0.2/lib/action_dispatch/middleware/templates/rescues/_request_and_response.erb (1.3ms)
  Rendered /Users/gladys/.rvm/gems/ruby-2.1.0/gems/actionpack-4.0.2/lib/action_dispatch/middleware/templates/rescues/diagnostics.erb within rescues/layout (18.2ms)


Started GET "/species.json" for 127.0.0.1 at 2014-05-05 19:49:46 +1000
Processing by SpeciesController#index as JSON
Completed 500 Internal Server Error in 3ms

NameError (undefined local variable or method `species' for #<SpeciesController:0x00000106545928>):
  app/controllers/species_controller.rb:3:in `index'


  Rendered /Users/gladys/.rvm/gems/ruby-2.1.0/gems/actionpack-4.0.2/lib/action_dispatch/middleware/templates/rescues/_source.erb (0.8ms)
  Rendered /Users/gladys/.rvm/gems/ruby-2.1.0/gems/actionpack-4.0.2/lib/action_dispatch/middleware/templates/rescues/_trace.erb (1.2ms)
  Rendered /Users/gladys/.rvm/gems/ruby-2.1.0/gems/actionpack-4.0.2/lib/action_dispatch/middleware/templates/rescues/_request_and_response.erb (1.0ms)
  Rendered /Users/gladys/.rvm/gems/ruby-2.1.0/gems/actionpack-4.0.2/lib/action_dispatch/middleware/templates/rescues/diagnostics.erb within rescues/layout (17.0ms)


Started GET "/species.json" for 127.0.0.1 at 2014-05-05 19:49:56 +1000
Processing by SpeciesController#index as JSON
  [1m[36mSpecies Load (0.4ms)[0m  [1mSELECT "species".* FROM "species"[0m
Completed 200 OK in 8ms (Views: 0.1ms | ActiveRecord: 0.9ms)
  [1m[36mBreed Load (0.4ms)[0m  [1mSELECT "breeds".* FROM "breeds"[0m
  [1m[35mSpecies Load (0.4ms)[0m  SELECT "species".* FROM "species"


Started GET "/breed.json" for 127.0.0.1 at 2014-05-05 19:58:38 +1000
  [1m[36mActiveRecord::SchemaMigration Load (0.3ms)[0m  [1mSELECT "schema_migrations".* FROM "schema_migrations"[0m

ActionController::RoutingError (No route matches [GET] "/breed.json"):
  actionpack (4.0.2) lib/action_dispatch/middleware/debug_exceptions.rb:21:in `call'
  actionpack (4.0.2) lib/action_dispatch/middleware/show_exceptions.rb:30:in `call'
  railties (4.0.2) lib/rails/rack/logger.rb:38:in `call_app'
  railties (4.0.2) lib/rails/rack/logger.rb:20:in `block in call'
  activesupport (4.0.2) lib/active_support/tagged_logging.rb:67:in `block in tagged'
  activesupport (4.0.2) lib/active_support/tagged_logging.rb:25:in `tagged'
  activesupport (4.0.2) lib/active_support/tagged_logging.rb:67:in `tagged'
  railties (4.0.2) lib/rails/rack/logger.rb:20:in `call'
  actionpack (4.0.2) lib/action_dispatch/middleware/request_id.rb:21:in `call'
  rack (1.5.2) lib/rack/methodoverride.rb:21:in `call'
  rack (1.5.2) lib/rack/runtime.rb:17:in `call'
  activesupport (4.0.2) lib/active_support/cache/strategy/local_cache.rb:83:in `call'
  rack (1.5.2) lib/rack/lock.rb:17:in `call'
  actionpack (4.0.2) lib/action_dispatch/middleware/static.rb:64:in `call'
  rack (1.5.2) lib/rack/sendfile.rb:112:in `call'
  railties (4.0.2) lib/rails/engine.rb:511:in `call'
  railties (4.0.2) lib/rails/application.rb:97:in `call'
  rack (1.5.2) lib/rack/lock.rb:17:in `call'
  rack (1.5.2) lib/rack/content_length.rb:14:in `call'
  rack (1.5.2) lib/rack/handler/webrick.rb:60:in `service'
  /Users/gladys/.rvm/rubies/ruby-2.1.0/lib/ruby/2.1.0/webrick/httpserver.rb:138:in `service'
  /Users/gladys/.rvm/rubies/ruby-2.1.0/lib/ruby/2.1.0/webrick/httpserver.rb:94:in `run'
  /Users/gladys/.rvm/rubies/ruby-2.1.0/lib/ruby/2.1.0/webrick/server.rb:295:in `block in start_thread'


  Rendered /Users/gladys/.rvm/gems/ruby-2.1.0/gems/actionpack-4.0.2/lib/action_dispatch/middleware/templates/rescues/_trace.erb (1.2ms)
  Rendered /Users/gladys/.rvm/gems/ruby-2.1.0/gems/actionpack-4.0.2/lib/action_dispatch/middleware/templates/routes/_route.html.erb (5.1ms)
  Rendered /Users/gladys/.rvm/gems/ruby-2.1.0/gems/actionpack-4.0.2/lib/action_dispatch/middleware/templates/routes/_table.html.erb (4.1ms)
  Rendered /Users/gladys/.rvm/gems/ruby-2.1.0/gems/actionpack-4.0.2/lib/action_dispatch/middleware/templates/rescues/routing_error.erb within rescues/layout (47.1ms)


Started GET "/breeds.json" for 127.0.0.1 at 2014-05-05 19:58:42 +1000
Processing by BreedsController#index as JSON
  [1m[35mBreed Load (0.2ms)[0m  SELECT "breeds".* FROM "breeds"
  [1m[36mSpecies Load (1.1ms)[0m  [1mSELECT "species".* FROM "species" WHERE "species"."breed_id" = ? ORDER BY "species"."id" ASC LIMIT 1[0m  [[nil, 1]]
SQLite3::SQLException: no such column: species.breed_id: SELECT  "species".* FROM "species"  WHERE "species"."breed_id" = ?  ORDER BY "species"."id" ASC LIMIT 1
Completed 500 Internal Server Error in 52ms

ActiveRecord::StatementInvalid (SQLite3::SQLException: no such column: species.breed_id: SELECT  "species".* FROM "species"  WHERE "species"."breed_id" = ?  ORDER BY "species"."id" ASC LIMIT 1):
  app/controllers/breeds_controller.rb:5:in `block (2 levels) in index'
  app/controllers/breeds_controller.rb:4:in `index'


  Rendered /Users/gladys/.rvm/gems/ruby-2.1.0/gems/actionpack-4.0.2/lib/action_dispatch/middleware/templates/rescues/_source.erb (0.6ms)
  Rendered /Users/gladys/.rvm/gems/ruby-2.1.0/gems/actionpack-4.0.2/lib/action_dispatch/middleware/templates/rescues/_trace.erb (1.5ms)
  Rendered /Users/gladys/.rvm/gems/ruby-2.1.0/gems/actionpack-4.0.2/lib/action_dispatch/middleware/templates/rescues/_request_and_response.erb (0.9ms)
  Rendered /Users/gladys/.rvm/gems/ruby-2.1.0/gems/actionpack-4.0.2/lib/action_dispatch/middleware/templates/rescues/diagnostics.erb within rescues/layout (15.5ms)


Started GET "/breeds.json" for 127.0.0.1 at 2014-05-05 19:59:27 +1000
Processing by BreedsController#index as JSON
  [1m[35mBreed Load (0.4ms)[0m  SELECT "breeds".* FROM "breeds"
  [1m[36mSpecies Load (0.3ms)[0m  [1mSELECT "species".* FROM "species" WHERE "species"."breed_id" = ? ORDER BY "species"."id" ASC LIMIT 1[0m  [[nil, 1]]
SQLite3::SQLException: no such column: species.breed_id: SELECT  "species".* FROM "species"  WHERE "species"."breed_id" = ?  ORDER BY "species"."id" ASC LIMIT 1
Completed 500 Internal Server Error in 12ms

ActiveRecord::StatementInvalid (SQLite3::SQLException: no such column: species.breed_id: SELECT  "species".* FROM "species"  WHERE "species"."breed_id" = ?  ORDER BY "species"."id" ASC LIMIT 1):
  app/controllers/breeds_controller.rb:4:in `index'


  Rendered /Users/gladys/.rvm/gems/ruby-2.1.0/gems/actionpack-4.0.2/lib/action_dispatch/middleware/templates/rescues/_source.erb (0.7ms)
  Rendered /Users/gladys/.rvm/gems/ruby-2.1.0/gems/actionpack-4.0.2/lib/action_dispatch/middleware/templates/rescues/_trace.erb (1.4ms)
  Rendered /Users/gladys/.rvm/gems/ruby-2.1.0/gems/actionpack-4.0.2/lib/action_dispatch/middleware/templates/rescues/_request_and_response.erb (1.2ms)
  Rendered /Users/gladys/.rvm/gems/ruby-2.1.0/gems/actionpack-4.0.2/lib/action_dispatch/middleware/templates/rescues/diagnostics.erb within rescues/layout (15.5ms)


Started GET "/breeds.json" for 127.0.0.1 at 2014-05-05 20:01:11 +1000
Processing by BreedsController#index as JSON
  [1m[35mBreed Load (0.4ms)[0m  SELECT "breeds".* FROM "breeds"
  [1m[36mSpecies Load (0.3ms)[0m  [1mSELECT "species".* FROM "species" WHERE "species"."breed_id" = ? ORDER BY "species"."id" ASC LIMIT 1[0m  [[nil, 1]]
SQLite3::SQLException: no such column: species.breed_id: SELECT  "species".* FROM "species"  WHERE "species"."breed_id" = ?  ORDER BY "species"."id" ASC LIMIT 1
Completed 500 Internal Server Error in 16ms

ActiveRecord::StatementInvalid (SQLite3::SQLException: no such column: species.breed_id: SELECT  "species".* FROM "species"  WHERE "species"."breed_id" = ?  ORDER BY "species"."id" ASC LIMIT 1):
  app/controllers/breeds_controller.rb:4:in `index'


  Rendered /Users/gladys/.rvm/gems/ruby-2.1.0/gems/actionpack-4.0.2/lib/action_dispatch/middleware/templates/rescues/_source.erb (0.8ms)
  Rendered /Users/gladys/.rvm/gems/ruby-2.1.0/gems/actionpack-4.0.2/lib/action_dispatch/middleware/templates/rescues/_trace.erb (1.4ms)
  Rendered /Users/gladys/.rvm/gems/ruby-2.1.0/gems/actionpack-4.0.2/lib/action_dispatch/middleware/templates/rescues/_request_and_response.erb (1.0ms)
  Rendered /Users/gladys/.rvm/gems/ruby-2.1.0/gems/actionpack-4.0.2/lib/action_dispatch/middleware/templates/rescues/diagnostics.erb within rescues/layout (15.1ms)


Started GET "/breeds.json" for 127.0.0.1 at 2014-05-05 20:01:29 +1000
Processing by BreedsController#index as JSON
  [1m[35mBreed Load (0.2ms)[0m  SELECT "breeds".* FROM "breeds"
  [1m[36mSpecies Load (0.4ms)[0m  [1mSELECT "species".* FROM "species" WHERE "species"."breed_id" = ? ORDER BY "species"."id" ASC LIMIT 1[0m  [[nil, 1]]
SQLite3::SQLException: no such column: species.breed_id: SELECT  "species".* FROM "species"  WHERE "species"."breed_id" = ?  ORDER BY "species"."id" ASC LIMIT 1
Completed 500 Internal Server Error in 3ms

ActiveRecord::StatementInvalid (SQLite3::SQLException: no such column: species.breed_id: SELECT  "species".* FROM "species"  WHERE "species"."breed_id" = ?  ORDER BY "species"."id" ASC LIMIT 1):
  app/controllers/breeds_controller.rb:4:in `index'


  Rendered /Users/gladys/.rvm/gems/ruby-2.1.0/gems/actionpack-4.0.2/lib/action_dispatch/middleware/templates/rescues/_source.erb (1.1ms)
  Rendered /Users/gladys/.rvm/gems/ruby-2.1.0/gems/actionpack-4.0.2/lib/action_dispatch/middleware/templates/rescues/_trace.erb (1.6ms)
  Rendered /Users/gladys/.rvm/gems/ruby-2.1.0/gems/actionpack-4.0.2/lib/action_dispatch/middleware/templates/rescues/_request_and_response.erb (1.0ms)
  Rendered /Users/gladys/.rvm/gems/ruby-2.1.0/gems/actionpack-4.0.2/lib/action_dispatch/middleware/templates/rescues/diagnostics.erb within rescues/layout (16.8ms)


Started GET "/breeds.json" for 127.0.0.1 at 2014-05-05 20:01:33 +1000
Processing by BreedsController#index as JSON
  [1m[35mBreed Load (0.4ms)[0m  SELECT "breeds".* FROM "breeds"
Completed 200 OK in 8ms (Views: 5.3ms | ActiveRecord: 0.6ms)


Started GET "/breeds.json" for 127.0.0.1 at 2014-05-05 20:02:15 +1000
Processing by BreedsController#index as JSON
  [1m[36mBreed Load (0.4ms)[0m  [1mSELECT "breeds".* FROM "breeds"[0m
  [1m[35mSpecies Load (2.1ms)[0m  SELECT "species".* FROM "species" WHERE "species"."id" = ? ORDER BY "species"."id" ASC LIMIT 1  [["id", 1]]
Completed 200 OK in 20ms (Views: 15.3ms | ActiveRecord: 3.0ms)


Started GET "/breeds.json" for 127.0.0.1 at 2014-05-05 20:06:51 +1000
Processing by BreedsController#index as JSON
  [1m[36mBreed Load (0.4ms)[0m  [1mSELECT DISTINCT "breeds".* FROM "breeds"[0m
  [1m[35mSpecies Load (0.1ms)[0m  SELECT "species".* FROM "species" WHERE "species"."id" = ? ORDER BY "species"."id" ASC LIMIT 1  [["id", 1]]
Completed 200 OK in 16ms (Views: 11.8ms | ActiveRecord: 1.0ms)


Started GET "/breeds.json?q[species_id_eq]=1" for 127.0.0.1 at 2014-05-05 20:09:06 +1000
Processing by BreedsController#index as JSON
  Parameters: {"q"=>{"species_id_eq"=>"1"}}
  [1m[36mBreed Load (0.2ms)[0m  [1mSELECT DISTINCT "breeds".* FROM "breeds" WHERE "breeds"."species_id" = 1[0m
  [1m[35mSpecies Load (0.2ms)[0m  SELECT "species".* FROM "species" WHERE "species"."id" = ? ORDER BY "species"."id" ASC LIMIT 1  [["id", 1]]
Completed 200 OK in 6ms (Views: 2.9ms | ActiveRecord: 0.4ms)


Started GET "/breeds.json?q[species_id_eq]=2" for 127.0.0.1 at 2014-05-05 20:09:11 +1000
Processing by BreedsController#index as JSON
  Parameters: {"q"=>{"species_id_eq"=>"2"}}
  [1m[36mBreed Load (0.2ms)[0m  [1mSELECT DISTINCT "breeds".* FROM "breeds" WHERE "breeds"."species_id" = 2[0m
Completed 200 OK in 3ms (Views: 0.9ms | ActiveRecord: 0.2ms)


Started GET "/breeds.json?q[species_id_eq]=1" for 127.0.0.1 at 2014-05-05 20:09:50 +1000
Processing by BreedsController#index as JSON
  Parameters: {"q"=>{"species_id_eq"=>"1"}}
  [1m[35mBreed Load (0.1ms)[0m  SELECT DISTINCT "breeds".* FROM "breeds" WHERE "breeds"."species_id" = 1
  [1m[36mSpecies Load (0.1ms)[0m  [1mSELECT "species".* FROM "species" WHERE "species"."id" = ? ORDER BY "species"."id" ASC LIMIT 1[0m  [["id", 1]]
Completed 200 OK in 17ms (Views: 12.6ms | ActiveRecord: 1.0ms)


Started GET "/breeds.json?q[species_id_eq]=1" for 127.0.0.1 at 2014-05-05 20:10:03 +1000
Processing by BreedsController#index as JSON
  Parameters: {"q"=>{"species_id_eq"=>"1"}}
  [1m[35mBreed Load (0.1ms)[0m  SELECT DISTINCT "breeds".* FROM "breeds" WHERE "breeds"."species_id" = 1
Completed 200 OK in 9ms (Views: 5.2ms | ActiveRecord: 0.7ms)


Started GET "/breeds.json?q[species_id_eq]=1" for 127.0.0.1 at 2014-05-05 20:10:47 +1000
Processing by BreedsController#index as JSON
  Parameters: {"q"=>{"species_id_eq"=>"1"}}
  [1m[36mBreed Load (0.1ms)[0m  [1mSELECT DISTINCT "breeds".* FROM "breeds" WHERE "breeds"."species_id" = 1[0m
Completed 200 OK in 9ms (Views: 5.0ms | ActiveRecord: 0.6ms)


Started GET "/species.json" for 127.0.0.1 at 2014-05-05 20:15:55 +1000
Processing by SpeciesController#index as JSON
  [1m[35mSpecies Load (0.2ms)[0m  SELECT "species".* FROM "species"
Completed 200 OK in 8ms (Views: 0.1ms | ActiveRecord: 0.5ms)


Started GET "/species.json" for 127.0.0.1 at 2014-05-05 20:17:28 +1000
Processing by SpeciesController#index as JSON
  [1m[36mSpecies Load (0.5ms)[0m  [1mSELECT "species".* FROM "species"[0m
Completed 200 OK in 8ms (Views: 5.2ms | ActiveRecord: 0.8ms)


Started GET "/species.json" for 127.0.0.1 at 2014-05-05 20:17:47 +1000
Processing by SpeciesController#index as JSON
  [1m[35mSpecies Load (0.4ms)[0m  SELECT "species".* FROM "species"
Completed 200 OK in 8ms (Views: 5.4ms | ActiveRecord: 0.6ms)


Started GET "/colors.json" for 127.0.0.1 at 2014-05-05 20:18:44 +1000
Processing by ColorsController#index as JSON
  [1m[36mColor Load (0.4ms)[0m  [1mSELECT "colors".* FROM "colors"[0m
Completed 200 OK in 3ms (Views: 0.1ms | ActiveRecord: 0.4ms)


Started GET "/colors.json" for 127.0.0.1 at 2014-05-05 20:19:20 +1000
Processing by ColorsController#index as JSON
  [1m[35mColor Load (0.4ms)[0m  SELECT "colors".* FROM "colors"
Completed 200 OK in 3ms (Views: 0.1ms | ActiveRecord: 0.4ms)


Started GET "/pets.json" for 127.0.0.1 at 2014-05-05 20:22:24 +1000
Processing by PetsController#index as JSON
  [1m[36mPet Load (0.4ms)[0m  [1mSELECT "pets".* FROM "pets"[0m
Completed 200 OK in 7ms (Views: 0.2ms | ActiveRecord: 0.4ms)


Started GET "/pets.json" for 127.0.0.1 at 2014-05-05 20:23:40 +1000
Processing by PetsController#index as JSON
Completed 500 Internal Server Error in 2ms

NoMethodError (undefined method `arity' for :breeds:Symbol):
  app/models/pet.rb:2:in `<class:Pet>'
  app/models/pet.rb:1:in `<top (required)>'
  app/controllers/pets_controller.rb:5:in `index'


  Rendered /Users/gladys/.rvm/gems/ruby-2.1.0/gems/actionpack-4.0.2/lib/action_dispatch/middleware/templates/rescues/_source.erb (0.7ms)
  Rendered /Users/gladys/.rvm/gems/ruby-2.1.0/gems/actionpack-4.0.2/lib/action_dispatch/middleware/templates/rescues/_trace.erb (1.7ms)
  Rendered /Users/gladys/.rvm/gems/ruby-2.1.0/gems/actionpack-4.0.2/lib/action_dispatch/middleware/templates/rescues/_request_and_response.erb (1.1ms)
  Rendered /Users/gladys/.rvm/gems/ruby-2.1.0/gems/actionpack-4.0.2/lib/action_dispatch/middleware/templates/rescues/diagnostics.erb within rescues/layout (20.0ms)
  [1m[36mActiveRecord::SchemaMigration Load (0.5ms)[0m  [1mSELECT "schema_migrations".* FROM "schema_migrations"[0m
Migrating to AddBreedIdsToPet (20140508013041)
  [1m[35m (0.1ms)[0m  begin transaction
  [1m[36mSQL (0.6ms)[0m  [1mINSERT INTO "schema_migrations" ("version") VALUES (?)[0m  [["version", "20140508013041"]]
  [1m[35m (0.7ms)[0m  commit transaction
Migrating to RemoveBreedIdFromPet (20140508013100)
  [1m[36m (0.1ms)[0m  [1mbegin transaction[0m
  [1m[35mSQL (0.3ms)[0m  INSERT INTO "schema_migrations" ("version") VALUES (?)  [["version", "20140508013100"]]
  [1m[36m (0.8ms)[0m  [1mcommit transaction[0m
  [1m[35mActiveRecord::SchemaMigration Load (0.1ms)[0m  SELECT "schema_migrations".* FROM "schema_migrations"
  [1m[36mPet Load (0.7ms)[0m  [1mSELECT "pets".* FROM "pets" ORDER BY "pets"."id" ASC LIMIT 1[0m
  [1m[36mActiveRecord::SchemaMigration Load (0.8ms)[0m  [1mSELECT "schema_migrations".* FROM "schema_migrations"[0m
Migrating to RemoveBreedIdFromPet (20140508013439)
  [1m[35m (0.1ms)[0m  begin transaction
  [1m[36m (1.1ms)[0m  [1mCREATE TEMPORARY TABLE "apets" ("id" INTEGER PRIMARY KEY AUTOINCREMENT NOT NULL, "image_url" varchar(255), "thumb_url" varchar(255), "species_id" integer, "breed_id" integer, "reward" integer, "notes" text, "contact_name" varchar(255), "contact_detail" varchar(255), "contact_type" integer, "lost" boolean, "created_at" datetime, "updated_at" datetime, "name" varchar(255)) [0m
  [1m[35m (0.5ms)[0m  SELECT * FROM "pets"
  [1m[36m (1.7ms)[0m  [1mDROP TABLE "pets"[0m
  [1m[35m (0.2ms)[0m  CREATE TABLE "pets" ("id" INTEGER PRIMARY KEY AUTOINCREMENT NOT NULL, "image_url" varchar(255), "thumb_url" varchar(255), "species_id" integer, "breed_id" integer, "reward" integer, "notes" text, "contact_name" varchar(255), "contact_detail" varchar(255), "contact_type" integer, "lost" boolean, "created_at" datetime, "updated_at" datetime, "name" varchar(255)) 
  [1m[36m (0.1ms)[0m  [1mSELECT * FROM "apets"[0m
  [1m[35m (0.3ms)[0m  DROP TABLE "apets"
  [1m[36mSQL (0.2ms)[0m  [1mINSERT INTO "schema_migrations" ("version") VALUES (?)[0m  [["version", "20140508013439"]]
  [1m[35m (1.2ms)[0m  commit transaction
  [1m[36mActiveRecord::SchemaMigration Load (0.1ms)[0m  [1mSELECT "schema_migrations".* FROM "schema_migrations"[0m
  [1m[36mPet Load (0.6ms)[0m  [1mSELECT "pets".* FROM "pets" ORDER BY "pets"."id" ASC LIMIT 1[0m


Started GET "/species" for 192.168.1.11 at 2014-05-08 13:40:01 +1000
  [1m[36mActiveRecord::SchemaMigration Load (0.7ms)[0m  [1mSELECT "schema_migrations".* FROM "schema_migrations"[0m
Processing by SpeciesController#index as JSON
  Parameters: {"species"=>{}}
  [1m[35mSpecies Load (0.7ms)[0m  SELECT "species".* FROM "species"
Completed 200 OK in 32ms (Views: 8.3ms | ActiveRecord: 1.1ms)


Started GET "/breeds.json?q[species_id_eq]=1" for 192.168.1.11 at 2014-05-08 13:40:06 +1000
Processing by BreedsController#index as JSON
  Parameters: {"q"=>{"species_id_eq"=>"1"}, "breed"=>{}}
  [1m[36mBreed Load (0.7ms)[0m  [1mSELECT DISTINCT "breeds".* FROM "breeds" WHERE "breeds"."species_id" = 1[0m
Completed 200 OK in 11ms (Views: 7.1ms | ActiveRecord: 1.1ms)


Started GET "/breeds.json?q[species_id_eq]=1" for 192.168.1.11 at 2014-05-08 13:43:40 +1000
Processing by BreedsController#index as JSON
  Parameters: {"q"=>{"species_id_eq"=>"1"}, "breed"=>{}}
  [1m[35mBreed Load (0.6ms)[0m  SELECT DISTINCT "breeds".* FROM "breeds" WHERE "breeds"."species_id" = 1
Completed 200 OK in 3ms (Views: 0.8ms | ActiveRecord: 0.6ms)


Started GET "/species" for 192.168.1.11 at 2014-05-08 13:43:52 +1000
Processing by SpeciesController#index as JSON
  Parameters: {"species"=>{}}
  [1m[36mSpecies Load (0.1ms)[0m  [1mSELECT "species".* FROM "species"[0m
Completed 200 OK in 1ms (Views: 0.8ms | ActiveRecord: 0.1ms)


Started GET "/breeds.json?q[species_id_eq]=1" for 192.168.1.11 at 2014-05-08 13:43:54 +1000
Processing by BreedsController#index as JSON
  Parameters: {"q"=>{"species_id_eq"=>"1"}, "breed"=>{}}
  [1m[35mBreed Load (0.2ms)[0m  SELECT DISTINCT "breeds".* FROM "breeds" WHERE "breeds"."species_id" = 1
Completed 200 OK in 2ms (Views: 0.7ms | ActiveRecord: 0.2ms)


Started GET "/colors.json" for 192.168.1.11 at 2014-05-08 13:47:10 +1000
Processing by ColorsController#index as JSON
  Parameters: {"color"=>{}}
  [1m[36mColor Load (0.6ms)[0m  [1mSELECT "colors".* FROM "colors"[0m
Completed 200 OK in 3ms (Views: 1.4ms | ActiveRecord: 1.5ms)
  [1m[36m (0.2ms)[0m  [1mbegin transaction[0m
  [1m[35mSQL (5.8ms)[0m  INSERT INTO "colors" ("created_at", "name", "updated_at", "value") VALUES (?, ?, ?, ?)  [["created_at", Thu, 08 May 2014 03:47:43 UTC +00:00], ["name", "white"], ["updated_at", Thu, 08 May 2014 03:47:43 UTC +00:00], ["value", "#000000"]]
  [1m[36m (0.9ms)[0m  [1mcommit transaction[0m
  [1m[35m (0.1ms)[0m  begin transaction
  [1m[36mSQL (0.8ms)[0m  [1mINSERT INTO "colors" ("created_at", "name", "updated_at", "value") VALUES (?, ?, ?, ?)[0m  [["created_at", Thu, 08 May 2014 03:47:59 UTC +00:00], ["name", "black"], ["updated_at", Thu, 08 May 2014 03:47:59 UTC +00:00], ["value", "#FFFFFF"]]
  [1m[35m (2.3ms)[0m  commit transaction


Started GET "/colors.json" for 192.168.1.11 at 2014-05-08 13:48:03 +1000
Processing by ColorsController#index as JSON
  Parameters: {"color"=>{}}
  [1m[35mColor Load (0.2ms)[0m  SELECT "colors".* FROM "colors"
Completed 200 OK in 9ms (Views: 9.0ms | ActiveRecord: 0.2ms)
  [1m[36m (12.9ms)[0m  [1mCREATE TABLE "schema_migrations" ("version" character varying(255) NOT NULL) [0m
  [1m[35m (2.2ms)[0m  CREATE UNIQUE INDEX "unique_schema_migrations" ON "schema_migrations" ("version")
  [1m[36mActiveRecord::SchemaMigration Load (0.5ms)[0m  [1mSELECT "schema_migrations".* FROM "schema_migrations"[0m
Migrating to CreateSpecies (20140501093120)
  [1m[35m (0.2ms)[0m  BEGIN
  [1m[36m (9.3ms)[0m  [1mCREATE TABLE "species" ("id" serial primary key, "name" character varying(255), "created_at" timestamp, "updated_at" timestamp) [0m
  [1m[35mSQL (1.5ms)[0m  INSERT INTO "schema_migrations" ("version") VALUES ($1)  [["version", "20140501093120"]]
  [1m[36m (0.7ms)[0m  [1mCOMMIT[0m
Migrating to CreateBreeds (20140501093430)
  [1m[35m (0.2ms)[0m  BEGIN
  [1m[36m (3.4ms)[0m  [1mCREATE TABLE "breeds" ("id" serial primary key, "name" character varying(255), "species_id" integer, "created_at" timestamp, "updated_at" timestamp) [0m
  [1m[35mSQL (1.1ms)[0m  INSERT INTO "schema_migrations" ("version") VALUES ($1)  [["version", "20140501093430"]]
  [1m[36m (0.6ms)[0m  [1mCOMMIT[0m
Migrating to CreatePetLocations (20140501093524)
  [1m[35m (0.4ms)[0m  BEGIN
  [1m[36m (5.3ms)[0m  [1mCREATE TABLE "pet_locations" ("id" serial primary key, "suburb" character varying(255), "latitude" float, "longitude" float, "created_at" timestamp, "updated_at" timestamp) [0m
  [1m[35mSQL (0.3ms)[0m  INSERT INTO "schema_migrations" ("version") VALUES ($1)  [["version", "20140501093524"]]
  [1m[36m (0.6ms)[0m  [1mCOMMIT[0m
Migrating to CreateContactDetails (20140501101635)
  [1m[35m (0.2ms)[0m  BEGIN
  [1m[36m (4.8ms)[0m  [1mCREATE TABLE "contact_details" ("id" serial primary key, "type" integer, "detail" character varying(255), "pet_id" integer, "created_at" timestamp, "updated_at" timestamp) [0m
  [1m[35mSQL (0.3ms)[0m  INSERT INTO "schema_migrations" ("version") VALUES ($1)  [["version", "20140501101635"]]
  [1m[36m (0.5ms)[0m  [1mCOMMIT[0m
Migrating to CreateColors (20140501102020)
  [1m[35m (0.2ms)[0m  BEGIN
  [1m[36m (4.8ms)[0m  [1mCREATE TABLE "colors" ("id" serial primary key, "name" character varying(255), "value" character varying(255), "created_at" timestamp, "updated_at" timestamp) [0m
  [1m[35mSQL (0.3ms)[0m  INSERT INTO "schema_migrations" ("version") VALUES ($1)  [["version", "20140501102020"]]
  [1m[36m (0.5ms)[0m  [1mCOMMIT[0m
Migrating to CreatePets (20140501114834)
  [1m[35m (0.3ms)[0m  BEGIN
  [1m[36m (4.8ms)[0m  [1mCREATE TABLE "pets" ("id" serial primary key, "image_url" character varying(255), "thumb_url" character varying(255), "species_id" integer, "breed_id" integer, "reward" integer, "notes" text, "contact_name" character varying(255), "contact_detail" character varying(255), "contact_type" integer, "lost" boolean, "created_at" timestamp, "updated_at" timestamp) [0m
  [1m[35mSQL (0.3ms)[0m  INSERT INTO "schema_migrations" ("version") VALUES ($1)  [["version", "20140501114834"]]
  [1m[36m (0.6ms)[0m  [1mCOMMIT[0m
Migrating to AddNameToPets (20140501121816)
  [1m[35m (0.2ms)[0m  BEGIN
  [1m[36m (2.3ms)[0m  [1mALTER TABLE "pets" ADD COLUMN "name" character varying(255)[0m
  [1m[35mSQL (0.6ms)[0m  INSERT INTO "schema_migrations" ("version") VALUES ($1)  [["version", "20140501121816"]]
  [1m[36m (0.6ms)[0m  [1mCOMMIT[0m
Migrating to CreatePetImages (20140503031418)
  [1m[35m (0.2ms)[0m  BEGIN
  [1m[36m (4.8ms)[0m  [1mCREATE TABLE "pet_images" ("id" serial primary key, "image_file_name" character varying(255), "image_content_type" character varying(255), "image_file_size" integer, "image_updated_at" timestamp, "created_at" timestamp, "updated_at" timestamp) [0m
  [1m[35mSQL (0.3ms)[0m  INSERT INTO "schema_migrations" ("version") VALUES ($1)  [["version", "20140503031418"]]
  [1m[36m (0.5ms)[0m  [1mCOMMIT[0m
Migrating to AddPetIdToPetImage (20140503032037)
  [1m[35m (0.2ms)[0m  BEGIN
  [1m[36m (0.4ms)[0m  [1mALTER TABLE "pet_images" ADD COLUMN "petId" integer[0m
  [1m[35mSQL (0.4ms)[0m  INSERT INTO "schema_migrations" ("version") VALUES ($1)  [["version", "20140503032037"]]
  [1m[36m (0.4ms)[0m  [1mCOMMIT[0m
Migrating to AddBreedIdsToPet (20140508013041)
  [1m[35m (0.1ms)[0m  BEGIN
  [1m[36mSQL (0.2ms)[0m  [1mINSERT INTO "schema_migrations" ("version") VALUES ($1)[0m  [["version", "20140508013041"]]
  [1m[35m (0.4ms)[0m  COMMIT
Migrating to RemoveBreedIdFromPet (20140508013439)
  [1m[36m (0.1ms)[0m  [1mBEGIN[0m
  [1m[35m (1.5ms)[0m  ALTER TABLE "pets" DROP "breed_ids"
PG::UndefinedColumn: ERROR:  column "breed_ids" of relation "pets" does not exist
: ALTER TABLE "pets" DROP "breed_ids"
  [1m[36m (0.1ms)[0m  [1mROLLBACK[0m
  [1m[36mActiveRecord::SchemaMigration Load (0.6ms)[0m  [1mSELECT "schema_migrations".* FROM "schema_migrations"[0m
Migrating to RemoveBreedIdFromPet (20140508013439)
  [1m[35m (0.2ms)[0m  BEGIN
  [1m[36m (1.1ms)[0m  [1mALTER TABLE "pets" DROP "breed_ids"[0m
PG::UndefinedColumn: ERROR:  column "breed_ids" of relation "pets" does not exist
: ALTER TABLE "pets" DROP "breed_ids"
  [1m[35m (0.2ms)[0m  ROLLBACK
  [1m[36mActiveRecord::SchemaMigration Load (0.6ms)[0m  [1mSELECT "schema_migrations".* FROM "schema_migrations"[0m
Migrating to RemoveBreedIdFromPet (20140508013439)
  [1m[36mActiveRecord::SchemaMigration Load (0.5ms)[0m  [1mSELECT "schema_migrations".* FROM "schema_migrations"[0m
Migrating to RemoveBreedIdFromPet (20140508013439)
  [1m[35m (0.2ms)[0m  BEGIN
  [1m[36mSQL (0.8ms)[0m  [1mINSERT INTO "schema_migrations" ("version") VALUES ($1)[0m  [["version", "20140508013439"]]
  [1m[35m (2.0ms)[0m  COMMIT
Migrating to AddImageToPet (20140508044732)
  [1m[36m (0.2ms)[0m  [1mBEGIN[0m
  [1m[35m (0.8ms)[0m  ALTER TABLE "pets" ADD COLUMN "image" character varying(255)
  [1m[36mSQL (0.4ms)[0m  [1mINSERT INTO "schema_migrations" ("version") VALUES ($1)[0m  [["version", "20140508044732"]]
  [1m[35m (0.4ms)[0m  COMMIT
Migrating to RemovePetIdFromPetImages (20140508054400)
  [1m[36m (0.1ms)[0m  [1mBEGIN[0m
  [1m[35m (1.6ms)[0m  ALTER TABLE "pet_images" DROP "petId"
  [1m[36mSQL (0.3ms)[0m  [1mINSERT INTO "schema_migrations" ("version") VALUES ($1)[0m  [["version", "20140508054400"]]
  [1m[35m (0.4ms)[0m  COMMIT
Migrating to AddPetIdToPetImages (20140508054518)
  [1m[36m (0.1ms)[0m  [1mBEGIN[0m
  [1m[35m (0.5ms)[0m  ALTER TABLE "pet_images" ADD COLUMN "pet_id" String
PG::UndefinedObject: ERROR:  type "string" does not exist
LINE 1: ALTER TABLE "pet_images" ADD COLUMN "pet_id" String
                                                     ^
: ALTER TABLE "pet_images" ADD COLUMN "pet_id" String
  [1m[36m (0.1ms)[0m  [1mROLLBACK[0m
  [1m[36mActiveRecord::SchemaMigration Load (0.6ms)[0m  [1mSELECT "schema_migrations".* FROM "schema_migrations"[0m
Migrating to AddPetIdToPetImages (20140508054518)
  [1m[35m (0.2ms)[0m  BEGIN
  [1m[36m (1.1ms)[0m  [1mALTER TABLE "pet_images" ADD COLUMN "pet_id" String[0m
PG::UndefinedObject: ERROR:  type "string" does not exist
LINE 1: ALTER TABLE "pet_images" ADD COLUMN "pet_id" String
                                                     ^
: ALTER TABLE "pet_images" ADD COLUMN "pet_id" String
  [1m[35m (0.2ms)[0m  ROLLBACK
  [1m[36mActiveRecord::SchemaMigration Load (0.6ms)[0m  [1mSELECT "schema_migrations".* FROM "schema_migrations"[0m
Migrating to AddPetIdToPetImages (20140508054518)
  [1m[35m (0.2ms)[0m  BEGIN
  [1m[36m (1.6ms)[0m  [1mALTER TABLE "pet_images" ADD COLUMN "pet_id" character varying(255)[0m
  [1m[35mSQL (1.3ms)[0m  INSERT INTO "schema_migrations" ("version") VALUES ($1)  [["version", "20140508054518"]]
  [1m[36m (2.8ms)[0m  [1mCOMMIT[0m
Migrating to AddImageToPetImages (20140508054707)
  [1m[35m (0.3ms)[0m  BEGIN
  [1m[36m (0.8ms)[0m  [1mALTER TABLE "pet_images" ADD COLUMN "image" File[0m
PG::UndefinedObject: ERROR:  type "file" does not exist
LINE 1: ALTER TABLE "pet_images" ADD COLUMN "image" File
                                                    ^
: ALTER TABLE "pet_images" ADD COLUMN "image" File
  [1m[35m (0.2ms)[0m  ROLLBACK
  [1m[36mActiveRecord::SchemaMigration Load (0.6ms)[0m  [1mSELECT "schema_migrations".* FROM "schema_migrations"[0m
Migrating to AddImageToPetImages (20140508054707)
  [1m[35m (0.2ms)[0m  BEGIN
  [1m[36m (1.1ms)[0m  [1mALTER TABLE "pet_images" ADD COLUMN "image" file[0m
PG::UndefinedObject: ERROR:  type "file" does not exist
LINE 1: ALTER TABLE "pet_images" ADD COLUMN "image" file
                                                    ^
: ALTER TABLE "pet_images" ADD COLUMN "image" file
  [1m[35m (0.2ms)[0m  ROLLBACK
  [1m[36mActiveRecord::SchemaMigration Load (0.6ms)[0m  [1mSELECT "schema_migrations".* FROM "schema_migrations"[0m
Migrating to AddImageToPetImages (20140508054707)
  [1m[35m (0.2ms)[0m  BEGIN
  [1m[36m (1.1ms)[0m  [1mALTER TABLE "pet_images" ADD COLUMN "image" bytea[0m
  [1m[35mSQL (1.3ms)[0m  INSERT INTO "schema_migrations" ("version") VALUES ($1)  [["version", "20140508054707"]]
  [1m[36m (0.8ms)[0m  [1mCOMMIT[0m
Migrating to AddPetLocationIdToPet (20140511025546)
  [1m[35m (0.2ms)[0m  BEGIN
  [1m[36m (0.5ms)[0m  [1mALTER TABLE "pets" ADD COLUMN "pet_location_id" integer[0m
  [1m[35mSQL (0.4ms)[0m  INSERT INTO "schema_migrations" ("version") VALUES ($1)  [["version", "20140511025546"]]
  [1m[36m (0.4ms)[0m  [1mCOMMIT[0m
Migrating to CreatePetMigration (20140511101620)
  [1m[35m (0.2ms)[0m  BEGIN
  [1m[36m (5.6ms)[0m  [1mCREATE TABLE "pet_migrations" ("id" serial primary key) [0m
  [1m[35mSQL (0.3ms)[0m  INSERT INTO "schema_migrations" ("version") VALUES ($1)  [["version", "20140511101620"]]
  [1m[36m (0.8ms)[0m  [1mCOMMIT[0m
Migrating to CreatePetColorJoinTable (20140511105655)
  [1m[35m (0.2ms)[0m  BEGIN
  [1m[36m (1.3ms)[0m  [1mCREATE TABLE "colors_pets" ("pets_id" integer, "colors_id" integer) [0m
  [1m[35mSQL (0.3ms)[0m  INSERT INTO "schema_migrations" ("version") VALUES ($1)  [["version", "20140511105655"]]
  [1m[36m (0.5ms)[0m  [1mCOMMIT[0m
Migrating to CreateColorPetJoinTable (20140511121807)
  [1m[35m (0.1ms)[0m  BEGIN
  [1m[36m (0.4ms)[0m  [1mCREATE TABLE "colors_pets" ("pets_id" integer, "colors_id" integer) [0m
PG::DuplicateTable: ERROR:  relation "colors_pets" already exists
: CREATE TABLE "colors_pets" ("pets_id" integer, "colors_id" integer) 
  [1m[35m (0.1ms)[0m  ROLLBACK
  [1m[36mActiveRecord::SchemaMigration Load (0.6ms)[0m  [1mSELECT "schema_migrations".* FROM "schema_migrations"[0m
Migrating to CreateColorPetJoinTable (20140511121807)
  [1m[36mActiveRecord::SchemaMigration Load (1.2ms)[0m  [1mSELECT "schema_migrations".* FROM "schema_migrations"[0m
Migrating to CreateColorPetJoinTable (20140511121807)
  [1m[35m (0.2ms)[0m  BEGIN
  [1m[36mSQL (1.0ms)[0m  [1mINSERT INTO "schema_migrations" ("version") VALUES ($1)[0m  [["version", "20140511121807"]]
  [1m[35m (1.8ms)[0m  COMMIT
Migrating to AddPetIdToColorsPets (20140511122244)
  [1m[36m (0.2ms)[0m  [1mBEGIN[0m
  [1m[35m (0.7ms)[0m  ALTER TABLE "colors_pets" ADD COLUMN "pet_id" integer
  [1m[36mSQL (0.4ms)[0m  [1mINSERT INTO "schema_migrations" ("version") VALUES ($1)[0m  [["version", "20140511122244"]]
  [1m[35m (0.4ms)[0m  COMMIT
Migrating to AddColorIdToColorsPets (20140511122634)
  [1m[36m (0.1ms)[0m  [1mBEGIN[0m
  [1m[35m (0.5ms)[0m  ALTER TABLE "colors_pets" ADD COLUMN "color_id" integer
  [1m[36mSQL (0.5ms)[0m  [1mINSERT INTO "schema_migrations" ("version") VALUES ($1)[0m  [["version", "20140511122634"]]
  [1m[35m (0.4ms)[0m  COMMIT
  [1m[36mActiveRecord::SchemaMigration Load (0.3ms)[0m  [1mSELECT "schema_migrations".* FROM "schema_migrations"[0m
